Using pre-set license
Built from '2020.3/staging' branch; Version is '2020.3.5f1 (8095aa901b9b) revision 8426922'; Using compiler version '192528614'; Build Type 'Release'
OS: 'Windows 10 Home; OS build 19041.985; Version 2004; 64bit' Language: 'en' Physical Memory: 16343 MB
BatchMode: 1, IsHumanControllingUs: 0, StartBugReporterOnCrash: 0, Is64bit: 1, IsPro: 0

 COMMAND LINE ARGUMENTS:
C:\Program Files\Unity\Hub\Editor\2020.3.5f1\Editor\Unity.exe
-adb2
-batchMode
-noUpm
-name
AssetImportWorker0
-projectPath
C:/Users/SASS/Desktop/augmented reality mby
-logFile
Logs/AssetImportWorker0.log
-srvPort
65332
Successfully changed project path to: C:/Users/SASS/Desktop/augmented reality mby
C:/Users/SASS/Desktop/augmented reality mby
Using Asset Import Pipeline V2.
Refreshing native plugins compatible for Editor in 47.13 ms, found 0 plugins.
Preloading 0 native plugins for Editor in 0.00 ms.
Initialize engine version: 2020.3.5f1 (8095aa901b9b)
[Subsystems] Discovering subsystems at path C:/Program Files/Unity/Hub/Editor/2020.3.5f1/Editor/Data/Resources/UnitySubsystems
[Subsystems] Discovering subsystems at path C:/Users/SASS/Desktop/augmented reality mby/Assets
GfxDevice: creating device client; threaded=0
Direct3D:
    Version:  Direct3D 11.0 [level 11.1]
    Renderer: NVIDIA GeForce RTX 2070 SUPER (ID=0x1e84)
    Vendor:   
    VRAM:     8011 MB
    Driver:   27.21.14.6589
Initialize mono
Mono path[0] = 'C:/Program Files/Unity/Hub/Editor/2020.3.5f1/Editor/Data/Managed'
Mono path[1] = 'C:/Program Files/Unity/Hub/Editor/2020.3.5f1/Editor/Data/MonoBleedingEdge/lib/mono/unityjit'
Mono config path = 'C:/Program Files/Unity/Hub/Editor/2020.3.5f1/Editor/Data/MonoBleedingEdge/etc'
Using monoOptions --debugger-agent=transport=dt_socket,embedding=1,server=y,suspend=n,address=127.0.0.1:56800
Begin MonoManager ReloadAssembly
Registering precompiled unity dll's ...
Register platform support module: C:/Program Files/Unity/Hub/Editor/2020.3.5f1/Editor/Data/PlaybackEngines/WindowsStandaloneSupport/UnityEditor.WindowsStandalone.Extensions.dll
Registered in 0.002357 seconds.
Native extension for WindowsStandalone target not found
Refreshing native plugins compatible for Editor in 42.66 ms, found 0 plugins.
Preloading 0 native plugins for Editor in 0.00 ms.
Mono: successfully reloaded assembly
- Completed reload, in  2.288 seconds
Platform modules already initialized, skipping
Registering precompiled user dll's ...
Registered in 0.074464 seconds.
Begin MonoManager ReloadAssembly
Native extension for WindowsStandalone target not found
Refreshing native plugins compatible for Editor in 0.41 ms, found 0 plugins.
Preloading 0 native plugins for Editor in 0.00 ms.
Mono: successfully reloaded assembly
- Completed reload, in  1.303 seconds
Platform modules already initialized, skipping
========================================================================
Worker process is ready to serve import requests
Launched and connected shader compiler UnityShaderCompiler.exe after 0.10 seconds
Refreshing native plugins compatible for Editor in 0.39 ms, found 0 plugins.
Preloading 0 native plugins for Editor in 0.00 ms.
Unloading 1719 Unused Serialized files (Serialized files now loaded: 0)
System memory in use before: 75.2 MB.
System memory in use after: 75.3 MB.

Unloading 35 unused Assets to reduce memory usage. Loaded Objects now: 2150.
Total: 1.891600 ms (FindLiveObjects: 0.165900 ms CreateObjectMapping: 0.059400 ms MarkObjects: 1.599100 ms  DeleteObjects: 0.065700 ms)

========================================================================
Received Import Request.
  path: Packages/com.unity.xr.arfoundation/Materials/DebugPlane.mat
  artifactKey: Guid(f1a110d32af21aa4d872c707dfcc6043) Importer(815301076,1909f56bfc062723c751e8b465ee728b)
Start importing Packages/com.unity.xr.arfoundation/Materials/DebugPlane.mat using Guid(f1a110d32af21aa4d872c707dfcc6043) Importer(815301076,1909f56bfc062723c751e8b465ee728b)  -> (artifact id: '6792f20fbe1d04d8ec325327a206513e') in 0.314991 seconds
  Import took 0.317563 seconds .

========================================================================
Received Import Request.
  Time since last request: 0.000301 seconds.
  path: Packages/com.unity.xr.arfoundation/Materials/DebugFace.mat
  artifactKey: Guid(35bd980c8f2234e3d8b640e25a677d65) Importer(815301076,1909f56bfc062723c751e8b465ee728b)
Start importing Packages/com.unity.xr.arfoundation/Materials/DebugFace.mat using Guid(35bd980c8f2234e3d8b640e25a677d65) Importer(815301076,1909f56bfc062723c751e8b465ee728b)  -> (artifact id: 'f5e3fe6769a4c19494d8b583c5f781cd') in 0.164557 seconds
  Import took 0.167179 seconds .

========================================================================
Received Import Request.
  Time since last request: 23.583753 seconds.
  path: Assets/AR Default Plane.prefab
  artifactKey: Guid(b67c373f7f2be3f45acc8f164340919e) Importer(815301076,1909f56bfc062723c751e8b465ee728b)
Start importing Assets/AR Default Plane.prefab using Guid(b67c373f7f2be3f45acc8f164340919e) Importer(815301076,1909f56bfc062723c751e8b465ee728b)  -> (artifact id: 'e70c346d2402dcb948731b2a36d2b183') in 0.011122 seconds
  Import took 0.014133 seconds .

========================================================================
Received Import Request.
  Time since last request: 0.032074 seconds.
  path: Assets/AR Default Plane.prefab
  artifactKey: Guid(b67c373f7f2be3f45acc8f164340919e) Importer(815301076,1909f56bfc062723c751e8b465ee728b)
Start importing Assets/AR Default Plane.prefab using Guid(b67c373f7f2be3f45acc8f164340919e) Importer(815301076,1909f56bfc062723c751e8b465ee728b)  -> (artifact id: 'e70c346d2402dcb948731b2a36d2b183') in 0.003497 seconds
  Import took 0.006298 seconds .

========================================================================
Received Prepare
Refreshing native plugins compatible for Editor in 7.84 ms, found 0 plugins.
Preloading 0 native plugins for Editor in 0.00 ms.
Unloading 23 Unused Serialized files (Serialized files now loaded: 0)
System memory in use before: 44.8 MB.
System memory in use after: 44.9 MB.

Unloading 23 unused Assets to reduce memory usage. Loaded Objects now: 2190.
Total: 2.718500 ms (FindLiveObjects: 0.178900 ms CreateObjectMapping: 0.088100 ms MarkObjects: 2.418900 ms  DeleteObjects: 0.030600 ms)

========================================================================
Received Prepare
Refreshing native plugins compatible for Editor in 6.89 ms, found 0 plugins.
Preloading 0 native plugins for Editor in 0.00 ms.
Unloading 23 Unused Serialized files (Serialized files now loaded: 0)
System memory in use before: 44.8 MB.
System memory in use after: 44.9 MB.

Unloading 23 unused Assets to reduce memory usage. Loaded Objects now: 2190.
Total: 2.693800 ms (FindLiveObjects: 0.188100 ms CreateObjectMapping: 0.065000 ms MarkObjects: 2.403400 ms  DeleteObjects: 0.035400 ms)

========================================================================
Received Prepare
Refreshing native plugins compatible for Editor in 6.96 ms, found 0 plugins.
Preloading 0 native plugins for Editor in 0.00 ms.
Unloading 23 Unused Serialized files (Serialized files now loaded: 0)
System memory in use before: 44.8 MB.
System memory in use after: 44.9 MB.

Unloading 23 unused Assets to reduce memory usage. Loaded Objects now: 2190.
Total: 2.757200 ms (FindLiveObjects: 0.195600 ms CreateObjectMapping: 0.064900 ms MarkObjects: 2.460600 ms  DeleteObjects: 0.034900 ms)

========================================================================
Received Prepare
Refreshing native plugins compatible for Editor in 6.95 ms, found 0 plugins.
Preloading 0 native plugins for Editor in 0.00 ms.
Unloading 23 Unused Serialized files (Serialized files now loaded: 0)
System memory in use before: 44.8 MB.
System memory in use after: 44.9 MB.

Unloading 23 unused Assets to reduce memory usage. Loaded Objects now: 2190.
Total: 2.890100 ms (FindLiveObjects: 0.214500 ms CreateObjectMapping: 0.087600 ms MarkObjects: 2.535800 ms  DeleteObjects: 0.050800 ms)

========================================================================
Received Prepare
Refreshing native plugins compatible for Editor in 6.97 ms, found 0 plugins.
Preloading 0 native plugins for Editor in 0.00 ms.
Unloading 23 Unused Serialized files (Serialized files now loaded: 0)
System memory in use before: 44.8 MB.
System memory in use after: 44.9 MB.

Unloading 22 unused Assets to reduce memory usage. Loaded Objects now: 2191.
Total: 2.651200 ms (FindLiveObjects: 0.180500 ms CreateObjectMapping: 0.071800 ms MarkObjects: 2.380700 ms  DeleteObjects: 0.016500 ms)

========================================================================
Received Import Request.
  Time since last request: 1987.042786 seconds.
  path: Assets
  artifactKey: Guid(00000000000000001000000000000000) Importer(815301076,1909f56bfc062723c751e8b465ee728b)
Start importing Assets using Guid(00000000000000001000000000000000) Importer(815301076,1909f56bfc062723c751e8b465ee728b)  -> (artifact id: 'e4856052512617ee48189cf1d7999900') in 0.003235 seconds
  Import took 0.007165 seconds .

========================================================================
Received Import Request.
  Time since last request: 0.000766 seconds.
  path: Assets
  artifactKey: Guid(00000000000000001000000000000000) Importer(815301076,1909f56bfc062723c751e8b465ee728b)
Start importing Assets using Guid(00000000000000001000000000000000) Importer(815301076,1909f56bfc062723c751e8b465ee728b)  -> (artifact id: 'e4856052512617ee48189cf1d7999900') in 0.001748 seconds
  Import took 0.004306 seconds .

========================================================================
Received Import Request.
  Time since last request: 331.097915 seconds.
  path: Assets/PlacementMarkerBase.png
  artifactKey: Guid(d90ee2ba180de934b8e665444cf9768b) Importer(815301076,1909f56bfc062723c751e8b465ee728b)
Start importing Assets/PlacementMarkerBase.png using Guid(d90ee2ba180de934b8e665444cf9768b) Importer(815301076,1909f56bfc062723c751e8b465ee728b)  -> (artifact id: 'f41a1c5849bbb80b94d9b5de40553a8c') in 0.165932 seconds
  Import took 0.169156 seconds .

========================================================================
Received Import Request.
  Time since last request: 32.684166 seconds.
  path: Assets/PlacementMarkerBase.png
  artifactKey: Guid(d90ee2ba180de934b8e665444cf9768b) Importer(815301076,1909f56bfc062723c751e8b465ee728b)
Start importing Assets/PlacementMarkerBase.png using Guid(d90ee2ba180de934b8e665444cf9768b) Importer(815301076,1909f56bfc062723c751e8b465ee728b)  -> (artifact id: '85f410f6affdb2dbb00d0949dd766dec') in 0.009337 seconds
  Import took 0.011854 seconds .

========================================================================
Received Import Request.
  Time since last request: 0.027017 seconds.
  path: Assets/PlacementMarkerBase.png
  artifactKey: Guid(d90ee2ba180de934b8e665444cf9768b) Importer(815301076,1909f56bfc062723c751e8b465ee728b)
Start importing Assets/PlacementMarkerBase.png using Guid(d90ee2ba180de934b8e665444cf9768b) Importer(815301076,1909f56bfc062723c751e8b465ee728b)  -> (artifact id: '85f410f6affdb2dbb00d0949dd766dec') in 0.010552 seconds
  Import took 0.013282 seconds .

========================================================================
Received Import Request.
  Time since last request: 126.234662 seconds.
  path: Assets/New Material.mat
  artifactKey: Guid(ca357e912aa23704f9ee4bb23bdf0fa2) Importer(815301076,1909f56bfc062723c751e8b465ee728b)
Start importing Assets/New Material.mat using Guid(ca357e912aa23704f9ee4bb23bdf0fa2) Importer(815301076,1909f56bfc062723c751e8b465ee728b)  -> (artifact id: 'd346c2821a7f813701edd6a0147db03b') in 0.016832 seconds
  Import took 0.023477 seconds .

========================================================================
Received Prepare
Registering precompiled user dll's ...
Registered in 0.002449 seconds.
Begin MonoManager ReloadAssembly
Native extension for WindowsStandalone target not found
Refreshing native plugins compatible for Editor in 0.41 ms, found 0 plugins.
Preloading 0 native plugins for Editor in 0.00 ms.
Mono: successfully reloaded assembly
- Completed reload, in  0.927 seconds
Platform modules already initialized, skipping
Switching build target platform(5) subTarget(0) extendedPlatform(0) -> platform(13) subTarget(589824) extendedPlatform(0)
Refreshing native plugins compatible for Editor in 0.44 ms, found 0 plugins.
Preloading 0 native plugins for Editor in 0.00 ms.
Unloading 1712 Unused Serialized files (Serialized files now loaded: 0)
System memory in use before: 78.0 MB.
System memory in use after: 78.1 MB.

Unloading 25 unused Assets to reduce memory usage. Loaded Objects now: 2197.
Total: 1.683500 ms (FindLiveObjects: 0.145900 ms CreateObjectMapping: 0.050900 ms MarkObjects: 1.469600 ms  DeleteObjects: 0.016300 ms)

AssetImportParameters requested are different than current active one (requested -> active):
  custom:graphics/normal-map-encoding: 01000000000000000000000000000000 -> 02000000000000000000000000000000
========================================================================
Received Import Request.
  Time since last request: 377.423597 seconds.
  path: Assets/NewBehaviourScript.cs
  artifactKey: Guid(d3e7cc5354a19ac40bb4f9d20ac697e1) Importer(815301076,1909f56bfc062723c751e8b465ee728b)
Start importing Assets/NewBehaviourScript.cs using Guid(d3e7cc5354a19ac40bb4f9d20ac697e1) Importer(815301076,1909f56bfc062723c751e8b465ee728b)  -> (artifact id: 'e9dbab39cfc97880ba53c400c779bf7c') in 0.023069 seconds
  Import took 0.025529 seconds .

========================================================================
Received Import Request.
  Time since last request: 24.066287 seconds.
  path: Assets/PlacementIndicator.cs
  artifactKey: Guid(d3e7cc5354a19ac40bb4f9d20ac697e1) Importer(815301076,1909f56bfc062723c751e8b465ee728b)
Start importing Assets/PlacementIndicator.cs using Guid(d3e7cc5354a19ac40bb4f9d20ac697e1) Importer(815301076,1909f56bfc062723c751e8b465ee728b)  -> (artifact id: 'e9bf5aa08d9c179d06841bbebe436157') in 0.002378 seconds
  Import took 0.007072 seconds .

========================================================================
Received Prepare
Registering precompiled user dll's ...
Registered in 0.002753 seconds.
Begin MonoManager ReloadAssembly
Native extension for WindowsStandalone target not found
Refreshing native plugins compatible for Editor in 0.41 ms, found 0 plugins.
Preloading 0 native plugins for Editor in 0.00 ms.
Mono: successfully reloaded assembly
- Completed reload, in  0.962 seconds
Platform modules already initialized, skipping
Switching build target platform(5) subTarget(0) extendedPlatform(0) -> platform(13) subTarget(589824) extendedPlatform(0)
Refreshing native plugins compatible for Editor in 0.46 ms, found 0 plugins.
Preloading 0 native plugins for Editor in 0.00 ms.
Unloading 1712 Unused Serialized files (Serialized files now loaded: 0)
System memory in use before: 78.0 MB.
System memory in use after: 78.2 MB.

Unloading 25 unused Assets to reduce memory usage. Loaded Objects now: 2201.
Total: 1.899500 ms (FindLiveObjects: 0.198800 ms CreateObjectMapping: 0.139600 ms MarkObjects: 1.540000 ms  DeleteObjects: 0.020000 ms)

AssetImportParameters requested are different than current active one (requested -> active):
  custom:graphics/normal-map-encoding: 01000000000000000000000000000000 -> 02000000000000000000000000000000
========================================================================
Received Import Request.
  Time since last request: 29.216022 seconds.
  path: Assets/PlacementIndicator.prefab
  artifactKey: Guid(d2d9605d827cfa540bd6d3e811546df9) Importer(815301076,1909f56bfc062723c751e8b465ee728b)
Start importing Assets/PlacementIndicator.prefab using Guid(d2d9605d827cfa540bd6d3e811546df9) Importer(815301076,1909f56bfc062723c751e8b465ee728b)  -> (artifact id: 'db4301698aa48bdf5cdf2b7bf7f4436a') in 0.225953 seconds
  Import took 0.228937 seconds .

========================================================================
Received Prepare
Registering precompiled user dll's ...
Registered in 0.002729 seconds.
Begin MonoManager ReloadAssembly
Native extension for WindowsStandalone target not found
Refreshing native plugins compatible for Editor in 0.41 ms, found 0 plugins.
Preloading 0 native plugins for Editor in 0.00 ms.
Mono: successfully reloaded assembly
- Completed reload, in  0.866 seconds
Platform modules already initialized, skipping
Switching build target platform(5) subTarget(0) extendedPlatform(0) -> platform(13) subTarget(589824) extendedPlatform(0)
Refreshing native plugins compatible for Editor in 0.40 ms, found 0 plugins.
Preloading 0 native plugins for Editor in 0.00 ms.
Unloading 1712 Unused Serialized files (Serialized files now loaded: 0)
System memory in use before: 78.1 MB.
System memory in use after: 78.2 MB.

Unloading 25 unused Assets to reduce memory usage. Loaded Objects now: 2207.
Total: 1.723100 ms (FindLiveObjects: 0.158600 ms CreateObjectMapping: 0.056100 ms MarkObjects: 1.492700 ms  DeleteObjects: 0.014900 ms)

AssetImportParameters requested are different than current active one (requested -> active):
  custom:graphics/normal-map-encoding: 01000000000000000000000000000000 -> 02000000000000000000000000000000
========================================================================
Received Prepare
Registering precompiled user dll's ...
Registered in 0.002545 seconds.
Begin MonoManager ReloadAssembly
Native extension for WindowsStandalone target not found
Refreshing native plugins compatible for Editor in 1.84 ms, found 0 plugins.
Preloading 0 native plugins for Editor in 0.00 ms.
Mono: successfully reloaded assembly
- Completed reload, in  0.998 seconds
Platform modules already initialized, skipping
Switching build target platform(5) subTarget(0) extendedPlatform(0) -> platform(13) subTarget(589824) extendedPlatform(0)
Refreshing native plugins compatible for Editor in 0.65 ms, found 0 plugins.
Preloading 0 native plugins for Editor in 0.00 ms.
Unloading 1712 Unused Serialized files (Serialized files now loaded: 0)
System memory in use before: 78.1 MB.
System memory in use after: 78.2 MB.

Unloading 25 unused Assets to reduce memory usage. Loaded Objects now: 2211.
Total: 1.682700 ms (FindLiveObjects: 0.158800 ms CreateObjectMapping: 0.055900 ms MarkObjects: 1.447800 ms  DeleteObjects: 0.019500 ms)

AssetImportParameters requested are different than current active one (requested -> active):
  custom:graphics/normal-map-encoding: 01000000000000000000000000000000 -> 02000000000000000000000000000000
========================================================================
Received Prepare
Registering precompiled user dll's ...
Registered in 0.002682 seconds.
Begin MonoManager ReloadAssembly
Native extension for WindowsStandalone target not found
Refreshing native plugins compatible for Editor in 0.47 ms, found 0 plugins.
Preloading 0 native plugins for Editor in 0.00 ms.
Mono: successfully reloaded assembly
- Completed reload, in  1.016 seconds
Platform modules already initialized, skipping
Switching build target platform(5) subTarget(0) extendedPlatform(0) -> platform(13) subTarget(589824) extendedPlatform(0)
Refreshing native plugins compatible for Editor in 0.41 ms, found 0 plugins.
Preloading 0 native plugins for Editor in 0.00 ms.
Unloading 1713 Unused Serialized files (Serialized files now loaded: 0)
System memory in use before: 78.2 MB.
System memory in use after: 78.4 MB.

Unloading 25 unused Assets to reduce memory usage. Loaded Objects now: 2216.
Total: 1.603500 ms (FindLiveObjects: 0.148700 ms CreateObjectMapping: 0.051700 ms MarkObjects: 1.384500 ms  DeleteObjects: 0.017400 ms)

AssetImportParameters requested are different than current active one (requested -> active):
  custom:graphics/normal-map-encoding: 01000000000000000000000000000000 -> 02000000000000000000000000000000
========================================================================
Received Import Request.
  Time since last request: 181.891720 seconds.
  path: Assets/place.cs
  artifactKey: Guid(ae5dccf0757718c4d9190103018ea372) Importer(815301076,1909f56bfc062723c751e8b465ee728b)
Start importing Assets/place.cs using Guid(ae5dccf0757718c4d9190103018ea372) Importer(815301076,1909f56bfc062723c751e8b465ee728b)  -> (artifact id: '883d8b81a286961abc83f8af44499b60') in 0.004291 seconds
  Import took 0.006907 seconds .

========================================================================
Received Prepare
Registering precompiled user dll's ...
Registered in 0.002479 seconds.
Begin MonoManager ReloadAssembly
Native extension for WindowsStandalone target not found
Refreshing native plugins compatible for Editor in 0.41 ms, found 0 plugins.
Preloading 0 native plugins for Editor in 0.00 ms.
Mono: successfully reloaded assembly
- Completed reload, in  0.989 seconds
Platform modules already initialized, skipping
Switching build target platform(5) subTarget(0) extendedPlatform(0) -> platform(13) subTarget(589824) extendedPlatform(0)
Refreshing native plugins compatible for Editor in 0.45 ms, found 0 plugins.
Preloading 0 native plugins for Editor in 0.00 ms.
Unloading 1712 Unused Serialized files (Serialized files now loaded: 0)
System memory in use before: 78.2 MB.
System memory in use after: 78.3 MB.

Unloading 25 unused Assets to reduce memory usage. Loaded Objects now: 2220.
Total: 1.884300 ms (FindLiveObjects: 0.151800 ms CreateObjectMapping: 0.048800 ms MarkObjects: 1.665100 ms  DeleteObjects: 0.017800 ms)

AssetImportParameters requested are different than current active one (requested -> active):
  custom:graphics/normal-map-encoding: 01000000000000000000000000000000 -> 02000000000000000000000000000000
========================================================================
Received Import Request.
  Time since last request: 21.565538 seconds.
  path: Assets/PlacementIndicator.cs
  artifactKey: Guid(ae5dccf0757718c4d9190103018ea372) Importer(815301076,1909f56bfc062723c751e8b465ee728b)
Start importing Assets/PlacementIndicator.cs using Guid(ae5dccf0757718c4d9190103018ea372) Importer(815301076,1909f56bfc062723c751e8b465ee728b)  -> (artifact id: '5dc3bac0418ec82a89b731eb3595964b') in 0.009265 seconds
  Import took 0.014321 seconds .

========================================================================
Received Prepare
Registering precompiled user dll's ...
Registered in 0.002622 seconds.
Begin MonoManager ReloadAssembly
Native extension for WindowsStandalone target not found
Refreshing native plugins compatible for Editor in 0.41 ms, found 0 plugins.
Preloading 0 native plugins for Editor in 0.00 ms.
Mono: successfully reloaded assembly
- Completed reload, in  0.893 seconds
Platform modules already initialized, skipping
Switching build target platform(5) subTarget(0) extendedPlatform(0) -> platform(13) subTarget(589824) extendedPlatform(0)
Refreshing native plugins compatible for Editor in 0.42 ms, found 0 plugins.
Preloading 0 native plugins for Editor in 0.00 ms.
Unloading 1712 Unused Serialized files (Serialized files now loaded: 0)
System memory in use before: 78.2 MB.
System memory in use after: 78.4 MB.

Unloading 25 unused Assets to reduce memory usage. Loaded Objects now: 2224.
Total: 1.945300 ms (FindLiveObjects: 0.151900 ms CreateObjectMapping: 0.051300 ms MarkObjects: 1.721900 ms  DeleteObjects: 0.019200 ms)

AssetImportParameters requested are different than current active one (requested -> active):
  custom:graphics/normal-map-encoding: 01000000000000000000000000000000 -> 02000000000000000000000000000000
========================================================================
Received Import Request.
  Time since last request: 24.809318 seconds.
  path: Assets/PlacementIn.cs
  artifactKey: Guid(6ecb254128e72c645b2171dbe5376745) Importer(815301076,1909f56bfc062723c751e8b465ee728b)
Start importing Assets/PlacementIn.cs using Guid(6ecb254128e72c645b2171dbe5376745) Importer(815301076,1909f56bfc062723c751e8b465ee728b)  -> (artifact id: '7a0fe81748e6d156bcc8b8cc8df55507') in 0.006906 seconds
  Import took 0.009840 seconds .

========================================================================
Received Prepare
Registering precompiled user dll's ...
Registered in 0.002369 seconds.
Begin MonoManager ReloadAssembly
Native extension for WindowsStandalone target not found
Refreshing native plugins compatible for Editor in 0.42 ms, found 0 plugins.
Preloading 0 native plugins for Editor in 0.00 ms.
Mono: successfully reloaded assembly
- Completed reload, in  0.966 seconds
Platform modules already initialized, skipping
Switching build target platform(5) subTarget(0) extendedPlatform(0) -> platform(13) subTarget(589824) extendedPlatform(0)
Refreshing native plugins compatible for Editor in 0.42 ms, found 0 plugins.
Preloading 0 native plugins for Editor in 0.00 ms.
Unloading 1713 Unused Serialized files (Serialized files now loaded: 0)
System memory in use before: 78.3 MB.
System memory in use after: 78.4 MB.

Unloading 25 unused Assets to reduce memory usage. Loaded Objects now: 2229.
Total: 2.062200 ms (FindLiveObjects: 0.160200 ms CreateObjectMapping: 0.057400 ms MarkObjects: 1.825100 ms  DeleteObjects: 0.018300 ms)

AssetImportParameters requested are different than current active one (requested -> active):
  custom:graphics/normal-map-encoding: 01000000000000000000000000000000 -> 02000000000000000000000000000000
========================================================================
Received Prepare
Registering precompiled user dll's ...
Registered in 0.002514 seconds.
Begin MonoManager ReloadAssembly
Native extension for WindowsStandalone target not found
Refreshing native plugins compatible for Editor in 0.41 ms, found 0 plugins.
Preloading 0 native plugins for Editor in 0.00 ms.
Mono: successfully reloaded assembly
- Completed reload, in  1.113 seconds
Platform modules already initialized, skipping
Switching build target platform(5) subTarget(0) extendedPlatform(0) -> platform(13) subTarget(589824) extendedPlatform(0)
Refreshing native plugins compatible for Editor in 0.41 ms, found 0 plugins.
Preloading 0 native plugins for Editor in 0.00 ms.
Unloading 1712 Unused Serialized files (Serialized files now loaded: 0)
System memory in use before: 78.3 MB.
System memory in use after: 78.4 MB.

Unloading 25 unused Assets to reduce memory usage. Loaded Objects now: 2233.
Total: 1.694900 ms (FindLiveObjects: 0.162500 ms CreateObjectMapping: 0.055900 ms MarkObjects: 1.459000 ms  DeleteObjects: 0.016300 ms)

AssetImportParameters requested are different than current active one (requested -> active):
  custom:graphics/normal-map-encoding: 01000000000000000000000000000000 -> 02000000000000000000000000000000
========================================================================
Received Prepare
Registering precompiled user dll's ...
Registered in 0.002748 seconds.
Begin MonoManager ReloadAssembly
Native extension for WindowsStandalone target not found
Refreshing native plugins compatible for Editor in 0.54 ms, found 0 plugins.
Preloading 0 native plugins for Editor in 0.00 ms.
Mono: successfully reloaded assembly
- Completed reload, in  0.990 seconds
Platform modules already initialized, skipping
Switching build target platform(5) subTarget(0) extendedPlatform(0) -> platform(13) subTarget(589824) extendedPlatform(0)
Refreshing native plugins compatible for Editor in 0.44 ms, found 0 plugins.
Preloading 0 native plugins for Editor in 0.00 ms.
Unloading 1712 Unused Serialized files (Serialized files now loaded: 0)
System memory in use before: 78.3 MB.
System memory in use after: 78.4 MB.

Unloading 25 unused Assets to reduce memory usage. Loaded Objects now: 2237.
Total: 2.090200 ms (FindLiveObjects: 0.223100 ms CreateObjectMapping: 0.079600 ms MarkObjects: 1.762900 ms  DeleteObjects: 0.023100 ms)

AssetImportParameters requested are different than current active one (requested -> active):
  custom:graphics/normal-map-encoding: 01000000000000000000000000000000 -> 02000000000000000000000000000000
========================================================================
Received Import Request.
  Time since last request: 1262.322892 seconds.
  path: Assets/PlacementIndicator.mat
  artifactKey: Guid(ca357e912aa23704f9ee4bb23bdf0fa2) Importer(815301076,1909f56bfc062723c751e8b465ee728b)
Start importing Assets/PlacementIndicator.mat using Guid(ca357e912aa23704f9ee4bb23bdf0fa2) Importer(815301076,1909f56bfc062723c751e8b465ee728b)  -> (artifact id: 'ad762bbe79036cc0406458ce11c79ca3') in 0.105758 seconds
  Import took 0.113139 seconds .

========================================================================
Received Prepare
Refreshing native plugins compatible for Editor in 6.93 ms, found 0 plugins.
Preloading 0 native plugins for Editor in 0.00 ms.
Unloading 22 Unused Serialized files (Serialized files now loaded: 0)
System memory in use before: 44.8 MB.
System memory in use after: 45.0 MB.

Unloading 22 unused Assets to reduce memory usage. Loaded Objects now: 2239.
Total: 2.745700 ms (FindLiveObjects: 0.248800 ms CreateObjectMapping: 0.087100 ms MarkObjects: 2.391000 ms  DeleteObjects: 0.017500 ms)

========================================================================
Received Prepare
Registering precompiled user dll's ...
Registered in 0.002408 seconds.
Begin MonoManager ReloadAssembly
Native extension for WindowsStandalone target not found
Refreshing native plugins compatible for Editor in 0.42 ms, found 0 plugins.
Preloading 0 native plugins for Editor in 0.00 ms.
Mono: successfully reloaded assembly
- Completed reload, in  1.209 seconds
Platform modules already initialized, skipping
Switching build target platform(5) subTarget(0) extendedPlatform(0) -> platform(13) subTarget(589824) extendedPlatform(0)
Refreshing native plugins compatible for Editor in 0.44 ms, found 0 plugins.
Preloading 0 native plugins for Editor in 0.00 ms.
Unloading 1713 Unused Serialized files (Serialized files now loaded: 0)
System memory in use before: 78.3 MB.
System memory in use after: 78.4 MB.

Unloading 25 unused Assets to reduce memory usage. Loaded Objects now: 2244.
Total: 1.747000 ms (FindLiveObjects: 0.161500 ms CreateObjectMapping: 0.055600 ms MarkObjects: 1.513300 ms  DeleteObjects: 0.015400 ms)

AssetImportParameters requested are different than current active one (requested -> active):
  custom:graphics/normal-map-encoding: 01000000000000000000000000000000 -> 02000000000000000000000000000000
========================================================================
Received Import Request.
  Time since last request: 278.010279 seconds.
  path: Assets/ObjectSpawner.cs
  artifactKey: Guid(cbc85810aed8f064a810dbaca8e19ee6) Importer(815301076,1909f56bfc062723c751e8b465ee728b)
Start importing Assets/ObjectSpawner.cs using Guid(cbc85810aed8f064a810dbaca8e19ee6) Importer(815301076,1909f56bfc062723c751e8b465ee728b)  -> (artifact id: '0acb9c43a5a4a9614d646dc56366b884') in 0.004747 seconds
  Import took 0.007524 seconds .

========================================================================
Received Prepare
Registering precompiled user dll's ...
Registered in 0.002460 seconds.
Begin MonoManager ReloadAssembly
Native extension for WindowsStandalone target not found
Refreshing native plugins compatible for Editor in 0.41 ms, found 0 plugins.
Preloading 0 native plugins for Editor in 0.00 ms.
Mono: successfully reloaded assembly
- Completed reload, in  0.982 seconds
Platform modules already initialized, skipping
Switching build target platform(5) subTarget(0) extendedPlatform(0) -> platform(13) subTarget(589824) extendedPlatform(0)
Refreshing native plugins compatible for Editor in 0.42 ms, found 0 plugins.
Preloading 0 native plugins for Editor in 0.00 ms.
Unloading 1713 Unused Serialized files (Serialized files now loaded: 0)
System memory in use before: 78.3 MB.
System memory in use after: 78.5 MB.

Unloading 25 unused Assets to reduce memory usage. Loaded Objects now: 2248.
Total: 1.643800 ms (FindLiveObjects: 0.166400 ms CreateObjectMapping: 0.061000 ms MarkObjects: 1.399500 ms  DeleteObjects: 0.015800 ms)

AssetImportParameters requested are different than current active one (requested -> active):
  custom:graphics/normal-map-encoding: 01000000000000000000000000000000 -> 02000000000000000000000000000000
========================================================================
Received Import Request.
  Time since last request: 471.791041 seconds.
  path: Assets/ObjectSpawner.cs
  artifactKey: Guid(cbc85810aed8f064a810dbaca8e19ee6) Importer(815301076,1909f56bfc062723c751e8b465ee728b)
Start importing Assets/ObjectSpawner.cs using Guid(cbc85810aed8f064a810dbaca8e19ee6) Importer(815301076,1909f56bfc062723c751e8b465ee728b)  -> (artifact id: '6be850ad2b7087a4b90bf5e05bf664d4') in 0.003854 seconds
  Import took 0.006327 seconds .

========================================================================
Received Import Request.
  Time since last request: 152.631191 seconds.
  path: Assets/CubeObject.prefab
  artifactKey: Guid(0bcc5b4ab57456c4b8ade81554e28757) Importer(815301076,1909f56bfc062723c751e8b465ee728b)
Start importing Assets/CubeObject.prefab using Guid(0bcc5b4ab57456c4b8ade81554e28757) Importer(815301076,1909f56bfc062723c751e8b465ee728b)  -> (artifact id: '1e58400a03449d7eae89c59cce37c5c8') in 0.053677 seconds
  Import took 0.056757 seconds .

========================================================================
Received Import Request.
  Time since last request: 0.001341 seconds.
  path: Assets/CubeObject.prefab
  artifactKey: Guid(0bcc5b4ab57456c4b8ade81554e28757) Importer(815301076,1909f56bfc062723c751e8b465ee728b)
Start importing Assets/CubeObject.prefab using Guid(0bcc5b4ab57456c4b8ade81554e28757) Importer(815301076,1909f56bfc062723c751e8b465ee728b)  -> (artifact id: '1e58400a03449d7eae89c59cce37c5c8') in 0.007558 seconds
  Import took 0.010859 seconds .

========================================================================
Received Prepare
Refreshing native plugins compatible for Editor in 6.66 ms, found 0 plugins.
Preloading 0 native plugins for Editor in 0.00 ms.
Unloading 22 Unused Serialized files (Serialized files now loaded: 0)
System memory in use before: 44.8 MB.
System memory in use after: 44.9 MB.

Unloading 23 unused Assets to reduce memory usage. Loaded Objects now: 2250.
Total: 2.631000 ms (FindLiveObjects: 0.198000 ms CreateObjectMapping: 0.066900 ms MarkObjects: 2.342000 ms  DeleteObjects: 0.022800 ms)

AssetImportWorkerClient::OnTransportError - code=2 error=End of file
