Using pre-set license
Built from '2020.3/staging' branch; Version is '2020.3.3f1 (76626098c1c4) revision 7758432'; Using compiler version '192528614'; Build Type 'Release'
OS: 'Windows 10 Education; OS build 18363.1621; Version 1909; 64bit' Language: 'en' Physical Memory: 16336 MB
BatchMode: 1, IsHumanControllingUs: 0, StartBugReporterOnCrash: 0, Is64bit: 1, IsPro: 0

 COMMAND LINE ARGUMENTS:
C:\Program Files\Unity\Hub\Editor\2020.3.3f1\Editor\Unity.exe
-adb2
-batchMode
-noUpm
-name
AssetImportWorker0
-projectPath
A:/unity/Telefon
-logFile
Logs/AssetImportWorker0.log
-srvPort
65328
Successfully changed project path to: A:/unity/Telefon
A:/unity/Telefon
Using Asset Import Pipeline V2.
Refreshing native plugins compatible for Editor in 77.94 ms, found 0 plugins.
Preloading 0 native plugins for Editor in 0.00 ms.
Initialize engine version: 2020.3.3f1 (76626098c1c4)
[Subsystems] Discovering subsystems at path C:/Program Files/Unity/Hub/Editor/2020.3.3f1/Editor/Data/Resources/UnitySubsystems
[Subsystems] Discovering subsystems at path A:/unity/Telefon/Assets
GfxDevice: creating device client; threaded=0
Direct3D:
    Version:  Direct3D 11.0 [level 11.1]
    Renderer: NVIDIA GeForce GTX 1070 (ID=0x1b81)
    Vendor:   
    VRAM:     8088 MB
    Driver:   27.21.14.6192
Initialize mono
Mono path[0] = 'C:/Program Files/Unity/Hub/Editor/2020.3.3f1/Editor/Data/Managed'
Mono path[1] = 'C:/Program Files/Unity/Hub/Editor/2020.3.3f1/Editor/Data/MonoBleedingEdge/lib/mono/unityjit'
Mono config path = 'C:/Program Files/Unity/Hub/Editor/2020.3.3f1/Editor/Data/MonoBleedingEdge/etc'
Using monoOptions --debugger-agent=transport=dt_socket,embedding=1,server=y,suspend=n,address=127.0.0.1:56076
Begin MonoManager ReloadAssembly
Registering precompiled unity dll's ...
Register platform support module: C:/Program Files/Unity/Hub/Editor/2020.3.3f1/Editor/Data/PlaybackEngines/WindowsStandaloneSupport/UnityEditor.WindowsStandalone.Extensions.dll
Registered in 0.002293 seconds.
Native extension for WindowsStandalone target not found
Refreshing native plugins compatible for Editor in 67.30 ms, found 0 plugins.
Preloading 0 native plugins for Editor in 0.00 ms.
Invoked RoslynAnalysisRunner static constructor.
RoslynAnalysisRunner will not be running.
RoslynAnalysisRunner has terminated.
Mono: successfully reloaded assembly
- Completed reload, in  2.261 seconds
Platform modules already initialized, skipping
Registering precompiled user dll's ...
Registered in 0.004088 seconds.
Begin MonoManager ReloadAssembly
Native extension for WindowsStandalone target not found
Refreshing native plugins compatible for Editor in 0.65 ms, found 0 plugins.
Preloading 0 native plugins for Editor in 0.00 ms.
Invoked RoslynAnalysisRunner static constructor.
RoslynAnalysisRunner will not be running.
RoslynAnalysisRunner has terminated.
Mono: successfully reloaded assembly
- Completed reload, in  1.175 seconds
Platform modules already initialized, skipping
========================================================================
Worker process is ready to serve import requests
Launched and connected shader compiler UnityShaderCompiler.exe after 0.05 seconds
Refreshing native plugins compatible for Editor in 0.65 ms, found 0 plugins.
Preloading 0 native plugins for Editor in 0.00 ms.
Unloading 1737 Unused Serialized files (Serialized files now loaded: 0)
System memory in use before: 76.4 MB.
System memory in use after: 76.5 MB.

Unloading 35 unused Assets to reduce memory usage. Loaded Objects now: 2172.
Total: 2.470600 ms (FindLiveObjects: 0.263400 ms CreateObjectMapping: 0.054400 ms MarkObjects: 2.057900 ms  DeleteObjects: 0.093400 ms)

========================================================================
Received Import Request.
  path: Assets/PlacementIndicator.prefab
  artifactKey: Guid(d2d9605d827cfa540bd6d3e811546df9) Importer(815301076,1909f56bfc062723c751e8b465ee728b)
Start importing Assets/PlacementIndicator.prefab using Guid(d2d9605d827cfa540bd6d3e811546df9) Importer(815301076,1909f56bfc062723c751e8b465ee728b)  -> (artifact id: 'dcaf3cabe519d75adb7678b71cbaad23') in 0.160548 seconds
  Import took 0.164044 seconds .

========================================================================
Received Import Request.
  Time since last request: 0.000267 seconds.
  path: Assets/PlacementMarkerBase.png
  artifactKey: Guid(d90ee2ba180de934b8e665444cf9768b) Importer(815301076,1909f56bfc062723c751e8b465ee728b)
Start importing Assets/PlacementMarkerBase.png using Guid(d90ee2ba180de934b8e665444cf9768b) Importer(815301076,1909f56bfc062723c751e8b465ee728b)  -> (artifact id: '0024826b730f3886125a9ebe49b6f9b0') in 0.067227 seconds
  Import took 0.070380 seconds .

========================================================================
Received Import Request.
  Time since last request: 0.000240 seconds.
  path: Assets/AR Default Plane.prefab
  artifactKey: Guid(b67c373f7f2be3f45acc8f164340919e) Importer(815301076,1909f56bfc062723c751e8b465ee728b)
Start importing Assets/AR Default Plane.prefab using Guid(b67c373f7f2be3f45acc8f164340919e) Importer(815301076,1909f56bfc062723c751e8b465ee728b)  -> (artifact id: 'd4c7bfccd3958fe2a18221283e2c68a9') in 0.013234 seconds
  Import took 0.016518 seconds .

========================================================================
Received Import Request.
  Time since last request: 0.000308 seconds.
  path: Assets/Yes.png
  artifactKey: Guid(bbcbcdf0ef1f43a4087b3531ed7cf5a7) Importer(815301076,1909f56bfc062723c751e8b465ee728b)
Start importing Assets/Yes.png using Guid(bbcbcdf0ef1f43a4087b3531ed7cf5a7) Importer(815301076,1909f56bfc062723c751e8b465ee728b)  -> (artifact id: 'b0355c5fdb19cd7a091c526fb1346301') in 0.034566 seconds
  Import took 0.038590 seconds .

========================================================================
Received Import Request.
  Time since last request: 0.000293 seconds.
  path: Assets/CubeObject.prefab
  artifactKey: Guid(0bcc5b4ab57456c4b8ade81554e28757) Importer(815301076,1909f56bfc062723c751e8b465ee728b)
Start importing Assets/CubeObject.prefab using Guid(0bcc5b4ab57456c4b8ade81554e28757) Importer(815301076,1909f56bfc062723c751e8b465ee728b)  -> (artifact id: '952cbb9db30b89c2aaf7ae0c2c846301') in 0.084565 seconds
  Import took 0.088158 seconds .

========================================================================
Received Import Request.
  Time since last request: 0.000282 seconds.
  path: Assets/Plain.png
  artifactKey: Guid(38b0f4292f8fa1341bf1a3b24a31a3f7) Importer(815301076,1909f56bfc062723c751e8b465ee728b)
Start importing Assets/Plain.png using Guid(38b0f4292f8fa1341bf1a3b24a31a3f7) Importer(815301076,1909f56bfc062723c751e8b465ee728b)  -> (artifact id: '75473561387b07ae9993a4cb0459bd75') in 0.015852 seconds
  Import took 0.018913 seconds .

========================================================================
Received Import Request.
  Time since last request: 0.000287 seconds.
  path: Assets/PlacementIndicator.mat
  artifactKey: Guid(ca357e912aa23704f9ee4bb23bdf0fa2) Importer(815301076,1909f56bfc062723c751e8b465ee728b)
Start importing Assets/PlacementIndicator.mat using Guid(ca357e912aa23704f9ee4bb23bdf0fa2) Importer(815301076,1909f56bfc062723c751e8b465ee728b)  -> (artifact id: '38e66452ede41870513c6853386e8415') in 0.037691 seconds
  Import took 0.041086 seconds .

========================================================================
Received Prepare
Refreshing native plugins compatible for Editor in 13.24 ms, found 0 plugins.
Preloading 0 native plugins for Editor in 0.00 ms.
Unloading 23 Unused Serialized files (Serialized files now loaded: 0)
System memory in use before: 45.7 MB.
System memory in use after: 45.8 MB.

Unloading 23 unused Assets to reduce memory usage. Loaded Objects now: 2218.
Total: 2.926800 ms (FindLiveObjects: 0.301200 ms CreateObjectMapping: 0.054200 ms MarkObjects: 2.540600 ms  DeleteObjects: 0.029200 ms)

========================================================================
Received Prepare
Refreshing native plugins compatible for Editor in 15.69 ms, found 0 plugins.
Preloading 0 native plugins for Editor in 0.00 ms.
Unloading 22 Unused Serialized files (Serialized files now loaded: 0)
System memory in use before: 45.6 MB.
System memory in use after: 45.8 MB.

Unloading 22 unused Assets to reduce memory usage. Loaded Objects now: 2218.
Total: 3.641000 ms (FindLiveObjects: 0.255000 ms CreateObjectMapping: 0.051300 ms MarkObjects: 3.303200 ms  DeleteObjects: 0.029700 ms)

AssetImportWorkerClient::OnTransportError - code=2 error=End of file
